<?xml version="1.0" encoding="UTF-8"?>
<!-- Generated by org.testng.reporters.JUnitReportReporter -->
<testsuite hostname="anivarth-PC" name="TestngClass.UsingTestAnotation" tests="2" failures="0" timestamp="2 Nov 2016 23:11:56 GMT" time="0.031" errors="0">
  <testcase name="function1" time="0.031" classname="TestngClass.UsingTestAnotation"/>
  <testcase name="function2" time="0.000" classname="TestngClass.UsingTestAnotation"/>
</testsuite> <!-- TestngClass.UsingTestAnotation -->
